2025-07-03 10:34:44 - Starting deployment with options: backup=false, cleanup=false, production=false
2025-07-03 10:34:44 - Backup created: ./backups/socialpay-backup-20250703-103444.tar.gz
2025-07-03 10:34:52 - Starting deployment with options: backup=false, cleanup=false, production=false
2025-07-03 10:34:52 - Backup created: ./backups/socialpay-backup-20250703-103452.tar.gz
2025-07-03 10:35:23 - Starting deployment with options: backup=false, cleanup=false, production=false
2025-07-03 10:35:23 - Backup created: ./backups/socialpay-backup-20250703-103523.tar.gz
2025-07-03 10:35:24 - Existing services stopped
2025-07-03 10:35:24 - Docker cleanup completed
2025-07-03 10:39:02 - Starting deployment with options: backup=false, cleanup=false, production=false
2025-07-03 10:39:02 - Backup created: ./backups/socialpay-backup-20250703-103902.tar.gz
2025-07-03 10:39:02 - Existing services stopped
2025-07-03 10:39:02 - Docker cleanup completed
2025-07-03 10:39:50 - Starting deployment with options: backup=false, cleanup=false, production=false
2025-07-03 10:39:50 - Backup created: ./backups/socialpay-backup-20250703-103950.tar.gz
2025-07-03 10:39:51 - Existing services stopped
2025-07-03 10:39:51 - Docker cleanup completed
2025-07-03 10:40:45 - Starting deployment with options: backup=false, cleanup=false, production=false
2025-07-03 10:40:45 - Backup created: ./backups/socialpay-backup-20250703-104045.tar.gz
2025-07-03 10:40:45 - Existing services stopped
2025-07-03 10:40:45 - Docker cleanup completed
2025-07-03 10:44:14 - Starting deployment with options: backup=false, cleanup=false, production=false
2025-07-03 10:44:14 - Backup created: ./backups/socialpay-backup-20250703-104414.tar.gz
2025-07-03 10:44:14 - Existing services stopped
2025-07-03 10:44:14 - Docker cleanup completed
2025-07-03 10:47:12 - Starting deployment with options: backup=false, cleanup=false, production=false
2025-07-03 10:47:12 - Backup created: ./backups/socialpay-backup-20250703-104712.tar.gz
2025-07-03 10:47:12 - Existing services stopped
2025-07-03 10:47:12 - Docker cleanup completed
2025-07-03 10:51:04 - Starting deployment with options: backup=false, cleanup=false, production=false
2025-07-03 10:51:04 - Backup created: ./backups/socialpay-backup-20250703-105104.tar.gz
2025-07-03 10:51:04 - Existing services stopped
2025-07-03 10:51:04 - Docker cleanup completed
2025-07-03 10:55:42 - Starting deployment with options: backup=false, cleanup=false, production=false
2025-07-03 10:55:42 - Backup created: ./backups/socialpay-backup-20250703-105542.tar.gz
2025-07-03 10:55:42 - Existing services stopped
2025-07-03 10:55:42 - Docker cleanup completed
2025-07-03 11:04:13 - Starting deployment with options: backup=false, cleanup=false, production=false
2025-07-03 11:04:13 - Backup created: ./backups/socialpay-backup-20250703-110413.tar.gz
2025-07-03 11:04:14 - Existing services stopped
2025-07-03 11:04:14 - Docker cleanup completed
2025-07-03 11:08:40 - Services started successfully
2025-07-03 11:08:50 - Health checks completed
2025-07-03 11:08:50 - Deployment completed successfully
